#
# There is insufficient memory for the Java Runtime Environment to continue.
# Native memory allocation (mmap) failed to map 17179869184 bytes for G1 virtual space
# Possible reasons:
#   The system is out of physical RAM or swap space
#   The process is running with CompressedOops enabled, and the Java Heap may be blocking the growth of the native heap
# Possible solutions:
#   Reduce memory load on the system
#   Increase physical memory or swap space
#   Check if swap backing store is full
#   Decrease Java heap size (-Xmx/-Xms)
#   Decrease number of Java threads
#   Decrease Java thread stack sizes (-Xss)
#   Set larger code cache with -XX:ReservedCodeCacheSize=
#   JVM is running with Zero Based Compressed Oops mode in which the Java heap is
#     placed in the first 32GB address space. The Java Heap base address is the
#     maximum limit for the native heap growth. Please use -XX:HeapBaseMinAddress
#     to set the Java Heap base and to place the Java Heap above 32GB virtual address.
# This output file may be truncated or incomplete.
#
#  Out of Memory Error (os_windows.cpp:3825), pid=11440, tid=12936
#
# JRE version:  (17.0.10+1) (build )
# Java VM: OpenJDK 64-Bit Server VM (17.0.10+1-b1087.23, mixed mode, sharing, tiered, compressed oops, compressed class ptrs, g1 gc, windows-amd64)
# No core dump will be written. Minidumps are not enabled by default on client versions of Windows
#

---------------  S U M M A R Y ------------

Command Line: -Djava.rmi.server.hostname=127.0.0.1 -Duser.timezone=UTC -Xmx16384m -Xms16384m -Djdbc.classpath=D:\MySoft\IntelliJ IDEA 2023.3.6\plugins\DatabaseTools\lib\jdbc-console.jar;C:\Users\tangmin996\AppData\Roaming\JetBrains\IntelliJIdea2023.3\jdbc-drivers\MySQL ConnectorJ\8.2.0\com\mysql\mysql-connector-j\8.2.0\mysql-connector-j-8.2.0.jar;C:\Users\tangmin996\AppData\Roaming\JetBrains\IntelliJIdea2023.3\jdbc-drivers\MySQL ConnectorJ\8.2.0\com\google\protobuf\protobuf-java\3.21.9\protobuf-java-3.21.9.jar --add-exports=java.desktop/sun.awt=ALL-UNNAMED --add-exports=java.desktop/java.awt.peer=ALL-UNNAMED --add-opens=java.desktop/java.awt=ALL-UNNAMED --add-opens=jdk.unsupported/sun.misc=ALL-UNNAMED --add-opens=java.base/java.nio=ALL-UNNAMED --add-opens=java.base/java.util=ALL-UNNAMED -Dfile.encoding=UTF-8 com.intellij.database.remote.RemoteJdbcServer com.mysql.cj.jdbc.Driver

Host: Intel(R) Core(TM) i3-4150 CPU @ 3.50GHz, 4 cores, 31G,  Windows 10 , 64 bit Build 17763 (10.0.17763.4974)
Time: Wed Jul 17 02:27:56 2024 中国标准时间 elapsed time: 0.029946 seconds (0d 0h 0m 0s)

---------------  T H R E A D  ---------------

Current thread (0x0000015654b99840):  JavaThread "Unknown thread" [_thread_in_vm, id=12936, stack(0x0000001bad200000,0x0000001bad300000)]

Stack: [0x0000001bad200000,0x0000001bad300000]
Native frames: (J=compiled Java code, j=interpreted, Vv=VM code, C=native code)
V  [jvm.dll+0x688a29]
V  [jvm.dll+0x84216a]
V  [jvm.dll+0x843dae]
V  [jvm.dll+0x844413]
V  [jvm.dll+0x24ba8f]
V  [jvm.dll+0x6857f9]
V  [jvm.dll+0x67a0aa]
V  [jvm.dll+0x30c7eb]
V  [jvm.dll+0x313c96]
V  [jvm.dll+0x363a2e]
V  [jvm.dll+0x363c5f]
V  [jvm.dll+0x2e25b8]
V  [jvm.dll+0x2e3524]
V  [jvm.dll+0x812cd1]
V  [jvm.dll+0x3718e1]
V  [jvm.dll+0x7f1836]
V  [jvm.dll+0x3f553f]
V  [jvm.dll+0x3f7171]
C  [jli.dll+0x528f]
C  [ucrtbase.dll+0x2268a]
C  [KERNEL32.DLL+0x17ac4]
C  [ntdll.dll+0x5a8c1]


---------------  P R O C E S S  ---------------

Threads class SMR info:
_java_thread_list=0x00007ffb1a93ef58, length=0, elements={
}

Java Threads: ( => current thread )

Other Threads:
  0x0000015654c3ec20 GCTaskThread "GC Thread#0" [stack: 0x0000001bad300000,0x0000001bad400000] [id=10832]
  0x000001567d359cf0 ConcurrentGCThread "G1 Main Marker" [stack: 0x0000001bad400000,0x0000001bad500000] [id=19752]
  0x000001567d35b2d0 ConcurrentGCThread "G1 Conc#0" [stack: 0x0000001bad500000,0x0000001bad600000] [id=12696]

[error occurred during error reporting (printing all threads), id 0xc0000005, EXCEPTION_ACCESS_VIOLATION (0xc0000005) at pc=0x00007ffb1a0f3187]

VM state: not at safepoint (not fully initialized)

VM Mutex/Monitor currently owned by a thread:  ([mutex/lock_event])
[0x00000156529e87d0] Heap_lock - owner thread: 0x0000015654b99840

Heap address: 0x0000000400000000, size: 16384 MB, Compressed Oops mode: Zero based, Oop shift amount: 3

CDS archive(s) mapped at: [0x0000000000000000-0x0000000000000000-0x0000000000000000), size 0, SharedBaseAddress: 0x0000000800000000, ArchiveRelocationMode: 1.
Narrow klass base: 0x0000000000000000, Narrow klass shift: 0, Narrow klass range: 0x0

GC Precious Log:
<Empty>

Heap:
 garbage-first heap   total 0K, used 0K [0x0000000400000000, 0x0000000800000000)
  region size 8192K, 0 young (0K), 0 survivors (0K)
 Metaspace       used 0K, committed 0K, reserved 0K
  class space    used 0K, committed 0K, reserved 0K

Heap Regions: E=young(eden), S=young(survivor), O=old, HS=humongous(starts), HC=humongous(continues), CS=collection set, F=free, OA=open archive, CA=closed archive, TAMS=top-at-mark-start (previous, next)

Card table byte_map: [0x0000015669300000,0x000001566b300000] _byte_map_base: 0x0000015667300000

Marking Bits (Prev, Next): (CMBitMap*) 0x000001567d3493c0, (CMBitMap*) 0x000001567d349400
 Prev Bits: [0x000001566d300000, 0x000001567d300000)
 Next Bits: [0x0000015600000000, 0x0000015610000000)

GC Heap History (0 events):
No events

Dll operation events (1 events):
Event: 0.004 Loaded shared library D:\MySoft\IntelliJ IDEA 2023.3.6\jbr\bin\java.dll

Deoptimization events (0 events):
No events

Classes unloaded (0 events):
No events

Classes redefined (0 events):
No events

Internal exceptions (0 events):
No events

VM Operations (0 events):
No events

Events (0 events):
No events


Dynamic libraries:
0x00007ff7aa000000 - 0x00007ff7aa00a000 	D:\MySoft\IntelliJ IDEA 2023.3.6\jbr\bin\java.exe
0x00007ffb71300000 - 0x00007ffb714ee000 	C:\WINDOWS\SYSTEM32\ntdll.dll
0x00007ffb6ed40000 - 0x00007ffb6edf3000 	C:\WINDOWS\System32\KERNEL32.DLL
0x00007ffb6e110000 - 0x00007ffb6e3ad000 	C:\WINDOWS\System32\KERNELBASE.dll
0x00007ffb67f90000 - 0x00007ffb6801c000 	C:\WINDOWS\SYSTEM32\apphelp.dll
0x00007ffb6e3b0000 - 0x00007ffb6e4aa000 	C:\WINDOWS\System32\ucrtbase.dll
0x00007ffb5f3b0000 - 0x00007ffb5f3c7000 	D:\MySoft\IntelliJ IDEA 2023.3.6\jbr\bin\jli.dll
0x00007ffb5a810000 - 0x00007ffb5a82b000 	D:\MySoft\IntelliJ IDEA 2023.3.6\jbr\bin\VCRUNTIME140.dll
0x00007ffb70be0000 - 0x00007ffb70d77000 	C:\WINDOWS\System32\USER32.dll
0x00007ffb6d510000 - 0x00007ffb6d530000 	C:\WINDOWS\System32\win32u.dll
0x00007ffb62060000 - 0x00007ffb622d9000 	C:\WINDOWS\WinSxS\amd64_microsoft.windows.common-controls_6595b64144ccf1df_6.0.17763.6054_none_de72924a534a146d\COMCTL32.dll
0x00007ffb709d0000 - 0x00007ffb709f9000 	C:\WINDOWS\System32\GDI32.dll
0x00007ffb6e520000 - 0x00007ffb6e5be000 	C:\WINDOWS\System32\msvcrt.dll
0x00007ffb6d7f0000 - 0x00007ffb6d998000 	C:\WINDOWS\System32\gdi32full.dll
0x00007ffb6ee00000 - 0x00007ffb6f12a000 	C:\WINDOWS\System32\combase.dll
0x00007ffb6d3c0000 - 0x00007ffb6d460000 	C:\WINDOWS\System32\msvcp_win.dll
0x00007ffb711b0000 - 0x00007ffb712c8000 	C:\WINDOWS\System32\RPCRT4.dll
0x00007ffb6d730000 - 0x00007ffb6d7b2000 	C:\WINDOWS\System32\bcryptPrimitives.dll
0x00007ffb6f4a0000 - 0x00007ffb6f4ce000 	C:\WINDOWS\System32\IMM32.DLL
0x00007ffb69e40000 - 0x00007ffb69e4c000 	D:\MySoft\IntelliJ IDEA 2023.3.6\jbr\bin\vcruntime140_1.dll
0x00007ffb30aa0000 - 0x00007ffb30b2d000 	D:\MySoft\IntelliJ IDEA 2023.3.6\jbr\bin\msvcp140.dll
0x00007ffb19e00000 - 0x00007ffb1aa83000 	D:\MySoft\IntelliJ IDEA 2023.3.6\jbr\bin\server\jvm.dll
0x00007ffb71100000 - 0x00007ffb711a8000 	C:\WINDOWS\System32\ADVAPI32.dll
0x00007ffb71050000 - 0x00007ffb710f2000 	C:\WINDOWS\System32\sechost.dll
0x00007ffb6d7c0000 - 0x00007ffb6d7e6000 	C:\WINDOWS\System32\bcrypt.dll
0x00007ffb6d2d0000 - 0x00007ffb6d32d000 	C:\WINDOWS\System32\POWRPROF.dll
0x00007ffb62d80000 - 0x00007ffb62da4000 	C:\WINDOWS\SYSTEM32\WINMM.dll
0x00007ffb5be20000 - 0x00007ffb5be29000 	C:\WINDOWS\SYSTEM32\WSOCK32.dll
0x00007ffb64b60000 - 0x00007ffb64b6a000 	C:\WINDOWS\SYSTEM32\VERSION.dll
0x00007ffb6f390000 - 0x00007ffb6f3fd000 	C:\WINDOWS\System32\WS2_32.dll
0x00007ffb619e0000 - 0x00007ffb61a0d000 	C:\WINDOWS\SYSTEM32\WINMMBASE.dll
0x00007ffb6d370000 - 0x00007ffb6d3ba000 	C:\WINDOWS\System32\cfgmgr32.dll
0x00007ffb6d350000 - 0x00007ffb6d361000 	C:\WINDOWS\System32\kernel.appcore.dll
0x00007ffb69f10000 - 0x00007ffb69f1a000 	D:\MySoft\IntelliJ IDEA 2023.3.6\jbr\bin\jimage.dll
0x00007ffb6bc00000 - 0x00007ffb6bded000 	C:\WINDOWS\SYSTEM32\DBGHELP.DLL
0x00007ffb65830000 - 0x00007ffb6585a000 	C:\WINDOWS\SYSTEM32\dbgcore.DLL
0x00007ffb5f380000 - 0x00007ffb5f3a5000 	D:\MySoft\IntelliJ IDEA 2023.3.6\jbr\bin\java.dll

dbghelp: loaded successfully - version: 4.0.5 - missing functions: none
symbol engine: initialized successfully - sym options: 0x614 - pdb path: .;D:\MySoft\IntelliJ IDEA 2023.3.6\jbr\bin;C:\WINDOWS\SYSTEM32;C:\WINDOWS\WinSxS\amd64_microsoft.windows.common-controls_6595b64144ccf1df_6.0.17763.6054_none_de72924a534a146d;D:\MySoft\IntelliJ IDEA 2023.3.6\jbr\bin\server

VM Arguments:
jvm_args: -Djava.rmi.server.hostname=127.0.0.1 -Duser.timezone=UTC -Xmx16384m -Xms16384m -Djdbc.classpath=D:\MySoft\IntelliJ IDEA 2023.3.6\plugins\DatabaseTools\lib\jdbc-console.jar;C:\Users\tangmin996\AppData\Roaming\JetBrains\IntelliJIdea2023.3\jdbc-drivers\MySQL ConnectorJ\8.2.0\com\mysql\mysql-connector-j\8.2.0\mysql-connector-j-8.2.0.jar;C:\Users\tangmin996\AppData\Roaming\JetBrains\IntelliJIdea2023.3\jdbc-drivers\MySQL ConnectorJ\8.2.0\com\google\protobuf\protobuf-java\3.21.9\protobuf-java-3.21.9.jar --add-exports=java.desktop/sun.awt=ALL-UNNAMED --add-exports=java.desktop/java.awt.peer=ALL-UNNAMED --add-opens=java.desktop/java.awt=ALL-UNNAMED --add-opens=jdk.unsupported/sun.misc=ALL-UNNAMED --add-opens=java.base/java.nio=ALL-UNNAMED --add-opens=java.base/java.util=ALL-UNNAMED -Dfile.encoding=UTF-8 
java_command: com.intellij.database.remote.RemoteJdbcServer com.mysql.cj.jdbc.Driver
java_class_path (initial): D:\MySoft\IntelliJ IDEA 2023.3.6\lib\util_rt.jar;D:\MySoft\IntelliJ IDEA 2023.3.6\lib\util-8.jar;D:\MySoft\IntelliJ IDEA 2023.3.6\lib\groovy.jar;D:\MySoft\IntelliJ IDEA 2023.3.6\plugins\DatabaseTools\lib\jdbc-console.jar;D:\MySoft\IntelliJ IDEA 2023.3.6\plugins\grid-core-impl\lib\jdbc-console-types.jar;D:\MySoft\IntelliJ IDEA 2023.3.6\lib\util.jar
Launcher Type: SUN_STANDARD

[Global flags]
     intx CICompilerCount                          = 3                                         {product} {ergonomic}
     uint ConcGCThreads                            = 1                                         {product} {ergonomic}
     uint G1ConcRefinementThreads                  = 4                                         {product} {ergonomic}
   size_t G1HeapRegionSize                         = 8388608                                   {product} {ergonomic}
    uintx GCDrainStackTargetSize                   = 64                                        {product} {ergonomic}
   size_t InitialHeapSize                          = 17179869184                               {product} {command line}
   size_t MarkStackSize                            = 4194304                                   {product} {ergonomic}
   size_t MaxHeapSize                              = 17179869184                               {product} {command line}
   size_t MinHeapDeltaBytes                        = 8388608                                   {product} {ergonomic}
   size_t MinHeapSize                              = 17179869184                               {product} {command line}
    uintx NonNMethodCodeHeapSize                   = 5832780                                {pd product} {ergonomic}
    uintx NonProfiledCodeHeapSize                  = 122912730                              {pd product} {ergonomic}
    uintx ProfiledCodeHeapSize                     = 122912730                              {pd product} {ergonomic}
    uintx ReservedCodeCacheSize                    = 251658240                              {pd product} {ergonomic}
     bool SegmentedCodeCache                       = true                                      {product} {ergonomic}
   size_t SoftMaxHeapSize                          = 17179869184                            {manageable} {ergonomic}
     bool UseCompressedClassPointers               = true                           {product lp64_product} {ergonomic}
     bool UseCompressedOops                        = true                           {product lp64_product} {ergonomic}
     bool UseG1GC                                  = true                                      {product} {ergonomic}
     bool UseLargePagesIndividualAllocation        = false                                  {pd product} {ergonomic}

Logging:
Log output configuration:
 #0: stdout all=warning uptime,level,tags
 #1: stderr all=off uptime,level,tags

Environment Variables:
JAVA_HOME=D:\MySoft\JAVA\jdk1.8.0_202
CLASSPATH=.;D:\MySoft\JAVA\jdk1.8.0_202\lib\dt.jar;D:\MySoft\JAVA\jdk1.8.0_202\lib\tools.jar;
PATH=D:\MySoft\Ruby33-x64\bin;C:\Program Files (x86)\Common Files\Oracle\Java\javapath;C:\WINDOWS\system32;C:\WINDOWS;C:\WINDOWS\System32\Wbem;C:\WINDOWS\System32\WindowsPowerShell\v1.0\;C:\WINDOWS\System32\OpenSSH\;D:\MySoft\JAVA\jdk1.8.0_202\bin\;D:\MySoft\Maven\3.9.1\bin;D:\MySoft\Git\cmd;D:\MySoft\nvm;D:\MySoft\nodejs;D:\MySoft\Python\Python27;D:\MySoft\Python\Python27\Tools\Scripts;D:\MySoft\nvm\v14.21.3\node_global;D:\MySoft\Redis\;D:\MySoft\Maven\3.9.1\bin;D:\MySoft\JAVA\jdk1.8.0_202\jre\bin;D:\MySoft\pcsuite\;D:\MySoft\Tencent\微信web开发者工具\dll;D:\MySoft\MySQL\mysql-8.0.17-winx64\bin;D:\MySoft\Neovim\bin;D:\MySoft\Python\python-3.12.3;D:\MySoft\Gradle\gradle-8.8\bin;C:\Program Files (x86)\Microsoft SQL Server\100\Tools\Binn\;D:\MySoft\Microsoft SQL Server\100\Tools\Binn\;D:\MySoft\Microsoft SQL Server\100\DTS\Binn\;C:\Program Files (x86)\Microsoft SQL Server\100\Tools\Binn\VSShell\Common7\IDE\;C:\Program Files (x86)\Microsoft SQL Server\100\DTS\Binn\;C:\Users\tangmin996\AppData\Local\Microsoft\WindowsApps;D:\MySoft\IntelliJ IDEA 2023.3.6\bin;;D:\MySoft\nvm;D:\MySoft\nodejs;D:\MySoft\Neovim\bin;D:\MySoft\JetBrains\PyCharm 2024.1.3\bin;
USERNAME=tangmin996
OS=Windows_NT
PROCESSOR_IDENTIFIER=Intel64 Family 6 Model 60 Stepping 3, GenuineIntel
TMP=C:\Users\TANGMI~1\AppData\Local\Temp
TEMP=C:\Users\TANGMI~1\AppData\Local\Temp



Periodic native trim disabled

JNI global refs:
JNI global refs: 0, weak refs: 0

JNI global refs memory usage: 0, weak refs: 0

OOME stack traces (most recent first):
Classloader memory used:


---------------  S Y S T E M  ---------------

OS:
 Windows 10 , 64 bit Build 17763 (10.0.17763.4974)
OS uptime: 5 days 8:48 hours

CPU: total 4 (initial active 4) (2 cores per cpu, 2 threads per core) family 6 model 60 stepping 3 microcode 0x28, cx8, cmov, fxsr, ht, mmx, sse, sse2, sse3, ssse3, sse4.1, sse4.2, popcnt, lzcnt, tsc, tscinvbit, avx, avx2, aes, erms, clmul, bmi1, bmi2, fma, vzeroupper, clflush
Processor Information for all 4 processors :
  Max Mhz: 3500, Current Mhz: 3500, Mhz Limit: 3500

Memory: 4k page, system-wide physical 32695M (5315M free)
TotalPageFile size 88392M (AvailPageFile size 12501M)
current process WorkingSet (physical memory assigned to process): 11M, peak: 11M
current process commit charge ("private bytes"): 52M, peak: 16436M

vm_info: OpenJDK 64-Bit Server VM (17.0.10+1-b1087.23) for windows-amd64 JRE (17.0.10+1-b1087.23), built on 2024-03-18 by "builduser" with MS VC++ 16.10 / 16.11 (VS2019)

END.
